\BOOKMARK [0][-]{section*.1}{Quantum Bitcoin and Cheque}{}% 1
\BOOKMARK [1][-]{section*.2}{Abstract}{section*.1}% 2
\BOOKMARK [1][-]{section*.3}{Introduction}{section*.1}% 3
\BOOKMARK [2][-]{section*.4}{Background}{section*.3}% 4
\BOOKMARK [2][-]{section*.5}{Objectives}{section*.3}% 5
\BOOKMARK [2][-]{section*.6}{Applications}{section*.3}% 6
\BOOKMARK [2][-]{section*.7}{System Requirements}{section*.3}% 7
\BOOKMARK [1][-]{section*.8}{Blockchain}{section*.1}% 8
\BOOKMARK [1][-]{section*.9}{Classical Algorithms}{section*.1}% 9
\BOOKMARK [2][-]{section*.10}{Encryption}{section*.9}% 10
\BOOKMARK [2][-]{section*.11}{Hashing}{section*.9}% 11
\BOOKMARK [3][-]{section*.12}{SHA-256}{section*.11}% 12
\BOOKMARK [3][-]{section*.13}{Surrogate Hash Function: Pearson Hashes and LFSRs}{section*.11}% 13
\BOOKMARK [2][-]{section*.14}{The Epoch, Nonce and Mining}{section*.9}% 14
\BOOKMARK [1][-]{section*.15}{Grover's Algorithm}{section*.1}% 15
\BOOKMARK [2][-]{section*.16}{Oracle}{section*.15}% 16
\BOOKMARK [2][-]{section*.17}{Diffuser}{section*.15}% 17
\BOOKMARK [2][-]{section*.18}{The Method}{section*.15}% 18
\BOOKMARK [3][-]{section*.19}{Implementation of the Oracle}{section*.18}% 19
\BOOKMARK [3][-]{section*.20}{Implementation of the Diffuser}{section*.18}% 20
\BOOKMARK [2][-]{section*.21}{Number of Iterations}{section*.15}% 21
\BOOKMARK [2][-]{section*.22}{Generalized Grover Search}{section*.15}% 22
\BOOKMARK [1][-]{section*.23}{Our Work}{section*.1}% 23
\BOOKMARK [2][-]{section*.24}{Classical Hashing Algorithm}{section*.23}% 24
\BOOKMARK [2][-]{section*.25}{Quantum Hashing Algorithm}{section*.23}% 25
\BOOKMARK [3][-]{section*.26}{The Two LFSRs and Their Inverses}{section*.25}% 26
\BOOKMARK [3][-]{section*.27}{The Hashing Operation}{section*.25}% 27
\BOOKMARK [3][-]{section*.28}{The Oracle}{section*.25}% 28
\BOOKMARK [3][-]{section*.29}{Grover Search}{section*.25}% 29
\BOOKMARK [3][-]{section*.30}{Generalized Grover Search}{section*.25}% 30
\BOOKMARK [1][-]{section*.31}{Results}{section*.1}% 31
\BOOKMARK [2][-]{section*.32}{Number of Gates}{section*.31}% 32
\BOOKMARK [3][-]{section*.33}{Qiskit Simulation}{section*.32}% 33
\BOOKMARK [1][-]{section*.34}{References}{section*.1}% 34
