This is pdfTeX, Version 3.14159265-2.6-1.40.21 (MiKTeX 2.9.7400 64-bit) (preloaded format=pdflatex 2020.5.7)  15 SEP 2021 12:21
entering extended mode
**./main.tex
(main.tex
LaTeX2e <2020-02-02> patch level 5
L3 programming layer <2020-04-06>
("C:\Users\Ankan Mukherjee\AppData\Local\Programs\MiKTeX 2.9\tex/latex/revtex\r
evtex4-2.cls"
Document Class: revtex4-2 2020/10/03 4.2e (https://journals.aps.org/revtex/ for
 documentation)
 Copyright (c) 2019 American Physical Society.
 mailto:revtex@aps.org
 Licensed under the LPPL:
http://www.ctan.org/tex-archive/macros/latex/base/lppl.txt
 Arthur Ogawa <arthur_ogawa at sbcglobal dot net>
 Based on work by David Carlisle <david at dcarlisle.demon.co.uk>
 Version (4.2d,4.2e): Modified by Mark Doyle and Phelype Oleinik
 .
ltxutil[2020/10/03 4.2e utilities package (portions licensed from W. E. Baxter 
web at superscript.com)]
LaTeX Info: Redefining \@centercr on input line 356.
Class revtex4-2 Info: Repairing broken LaTeX eqnarray on input line 406.
\eqncolsep=\skip47
Class revtex4-2 Info: Repairing hyperref-unfriendly LaTeX definition of \mpfoot
note on input line 481.
Class revtex4-2 Info: Repairing broken LateX \@sect on input line 803.
\intertabularlinepenalty=\count167
\@tbpen=\count168
\@arstrutbox@hline=\box45
Class revtex4-2 Info: Repairing broken LaTeX \@xbitor on input line 1834.
Class revtex4-2 Info: Making \typeout \long on input line 2099.
ltxfront[2020/10/03 4.2e frontmatter package (AO,DPC,MD)]
\c@affil=\count169
\c@collab=\count170
\absbox=\box46
ltxgrid[2020/10/03 4.2e page grid package (portions licensed from W. E. Baxter 
web at superscript.com)]
\c@linecount=\count171
\output@latex=\toks15
\box@size@1=\box47
\box@size@2=\box48
\@protection@box=\box49
\@topmark@saved=\toks16
\footins@saved=\box50
\footins@recovered=\box51
\column@recovered=\box52
\pagesofar=\box53
\footsofar=\box54
\pagegrid@col=\count172
Class revtex4-2 Info: Overriding \@vspace, \@vspacer, \@no@pgbk, \@newline, and
 \\  on input line 5665.
\c@part=\count173
\c@section=\count174
\c@subsection=\count175
\c@subsubsection=\count176
\c@paragraph=\count177
\c@subparagraph=\count178
\abovecaptionskip=\skip48
\belowcaptionskip=\skip49
\c@figure=\count179
\fbox@1=\box55
\c@table=\count180
\fbox@2=\box56
\c@video=\count181
\fbox@4=\box57
\@bibdataout=\write3
\widetext@top=\box58
\widetext@bot=\box59
Class revtex4-2 Info: Selecting society aps on input line 7658.

("C:\Users\Ankan Mukherjee\AppData\Local\Programs\MiKTeX 2.9\tex/latex/revtex\a
ps4-2.rtx"
File: aps4-2 2020/10/03 4.2e (https://journals.aps.org/revtex/ for documentatio
n)
Class revtex4-2 Info: RevTeX society APS selected on input line 40.
)
Class revtex4-2 Info: Selecting journal prc on input line 7660.
Class revtex4-2 Info: APS journal PRC selected on input line 7661.

("C:\Users\Ankan Mukherjee\AppData\Local\Programs\MiKTeX 2.9\tex/latex/revtex\a
ps11pt4-2.rtx"
File: aps11pt4-2 2020/10/03 4.2e (https://journals.aps.org/revtex/ for document
ation)
Class revtex4-2 Info: RevTeX pointsize 11pt selected on input line 39.
)
("C:\Users\Ankan Mukherjee\AppData\Local\Programs\MiKTeX 2.9\tex/latex/textcase
\textcase.sty"
Package: textcase 2019/09/14 v1.00 Text only upper/lower case changing (DPC)
)
("C:\Users\Ankan Mukherjee\AppData\Local\Programs\MiKTeX 2.9\tex/latex/url\url.
sty"
\Urlmuskip=\muskip16
Package: url 2013/09/16  ver 3.4  Verb mode for urls, etc.
)
("C:\Users\Ankan Mukherjee\AppData\Local\Programs\MiKTeX 2.9\tex/latex/natbib\n
atbib.sty"
Package: natbib 2010/09/13 8.31b (PWD, AO)
\bibhang=\skip50
\bibsep=\skip51
LaTeX Info: Redefining \cite on input line 694.
\c@NAT@ctr=\count182
)
Class revtex4-2 Info: Repairing natbib's \BibitemShut on input line 7665.

("C:\Users\Ankan Mukherjee\AppData\Local\Programs\MiKTeX 2.9\tex/latex/revtex\r
evsymb4-2.sty"
Package: revsymb4-2 2020/10/03 4.2e (https://journals.aps.org/revtex/ for docum
entation)
LaTeX Info: Redefining \REV@mathfrak on input line 128.
))
("C:\Users\Ankan Mukherjee\AppData\Local\Programs\MiKTeX 2.9\tex/latex/graphics
\graphicx.sty"
Package: graphicx 2019/11/30 v1.2a Enhanced LaTeX Graphics (DPC,SPQR)

("C:\Users\Ankan Mukherjee\AppData\Local\Programs\MiKTeX 2.9\tex/latex/graphics
\keyval.sty"
Package: keyval 2014/10/28 v1.15 key=value parser (DPC)
\KV@toks@=\toks17
)
("C:\Users\Ankan Mukherjee\AppData\Local\Programs\MiKTeX 2.9\tex/latex/graphics
\graphics.sty"
Package: graphics 2019/11/30 v1.4a Standard LaTeX Graphics (DPC,SPQR)

("C:\Users\Ankan Mukherjee\AppData\Local\Programs\MiKTeX 2.9\tex/latex/graphics
\trig.sty"
Package: trig 2016/01/03 v1.10 sin cos tan (DPC)
)
("C:\Users\Ankan Mukherjee\AppData\Local\Programs\MiKTeX 2.9\tex/latex/graphics
-cfg\graphics.cfg"
File: graphics.cfg 2016/06/04 v1.11 sample graphics configuration
)
Package graphics Info: Driver file: pdftex.def on input line 105.

("C:\Users\Ankan Mukherjee\AppData\Local\Programs\MiKTeX 2.9\tex/latex/graphics
-def\pdftex.def"
File: pdftex.def 2018/01/08 v1.0l Graphics/color driver for pdftex
))
\Gin@req@height=\dimen134
\Gin@req@width=\dimen135
)
("C:\Users\Ankan Mukherjee\AppData\Local\Programs\MiKTeX 2.9\tex/latex/comment\
comment.sty"
\CommentStream=\write4
 Excluding comment 'comment')
("C:\Users\Ankan Mukherjee\AppData\Local\Programs\MiKTeX 2.9\tex/latex/setspace
\setspace.sty"
Package: setspace 2011/12/19 v6.7a set line spacing
)
("C:\Users\Ankan Mukherjee\AppData\Local\Programs\MiKTeX 2.9\tex/latex/amsmath\
amsmath.sty"
Package: amsmath 2020/01/20 v2.17e AMS math features
\@mathmargin=\skip52

For additional information on amsmath, use the `?' option.

("C:\Users\Ankan Mukherjee\AppData\Local\Programs\MiKTeX 2.9\tex/latex/amsmath\
amstext.sty"
Package: amstext 2000/06/29 v2.01 AMS text

("C:\Users\Ankan Mukherjee\AppData\Local\Programs\MiKTeX 2.9\tex/latex/amsmath\
amsgen.sty"
File: amsgen.sty 1999/11/30 v2.0 generic functions
\@emptytoks=\toks18
\ex@=\dimen136
)
LaTeX Info: Redefining \text on input line 28.
)
("C:\Users\Ankan Mukherjee\AppData\Local\Programs\MiKTeX 2.9\tex/latex/amsmath\
amsbsy.sty"
Package: amsbsy 1999/11/29 v1.2d Bold Symbols
\pmbraise@=\dimen137
)
("C:\Users\Ankan Mukherjee\AppData\Local\Programs\MiKTeX 2.9\tex/latex/amsmath\
amsopn.sty"
Package: amsopn 2016/03/08 v2.02 operator names
)
\inf@bad=\count183
LaTeX Info: Redefining \frac on input line 227.
\uproot@=\count184
\leftroot@=\count185
LaTeX Info: Redefining \overline on input line 389.
\classnum@=\count186
\DOTSCASE@=\count187
LaTeX Info: Redefining \ldots on input line 486.
LaTeX Info: Redefining \dots on input line 489.
LaTeX Info: Redefining \cdots on input line 610.
\Mathstrutbox@=\box60
\strutbox@=\box61
\big@size=\dimen138
LaTeX Font Info:    Redeclaring font encoding OML on input line 733.
LaTeX Font Info:    Redeclaring font encoding OMS on input line 734.
\macc@depth=\count188
\c@MaxMatrixCols=\count189
\dotsspace@=\muskip17
\c@parentequation=\count190
\dspbrk@lvl=\count191
\tag@help=\toks19
\row@=\count192
\column@=\count193
\maxfields@=\count194
\andhelp@=\toks20
\eqnshift@=\dimen139
\alignsep@=\dimen140
\tagshift@=\dimen141
\tagwidth@=\dimen142
\totwidth@=\dimen143
\lineht@=\dimen144
\@envbody=\toks21
\multlinegap=\skip53
\multlinetaggap=\skip54
\mathdisplay@stack=\toks22
LaTeX Info: Redefining \[ on input line 2859.
LaTeX Info: Redefining \] on input line 2860.
)
("C:\Users\Ankan Mukherjee\AppData\Local\Programs\MiKTeX 2.9\tex/latex/amsfonts
\amssymb.sty"
Package: amssymb 2013/01/14 v3.01 AMS font symbols

("C:\Users\Ankan Mukherjee\AppData\Local\Programs\MiKTeX 2.9\tex/latex/amsfonts
\amsfonts.sty"
Package: amsfonts 2013/01/14 v3.01 Basic AMSFonts support
\symAMSa=\mathgroup4
\symAMSb=\mathgroup5
LaTeX Font Info:    Redeclaring math symbol \hbar on input line 98.
LaTeX Font Info:    Overwriting math alphabet `\mathfrak' in version `bold'
(Font)                  U/euf/m/n --> U/euf/b/n on input line 106.
LaTeX Info: Redefining \frak on input line 111.
LaTeX Info: Redefining \Bbb on input line 113.
))
("C:\Users\Ankan Mukherjee\AppData\Local\Programs\MiKTeX 2.9\tex/latex/graphics
\color.sty"
Package: color 2019/11/23 v1.2a Standard LaTeX Color (DPC)

("C:\Users\Ankan Mukherjee\AppData\Local\Programs\MiKTeX 2.9\tex/latex/graphics
-cfg\color.cfg"
File: color.cfg 2016/01/02 v1.6 sample color configuration
)
Package color Info: Driver file: pdftex.def on input line 147.
)
("C:\Users\Ankan Mukherjee\AppData\Local\Programs\MiKTeX 2.9\tex/latex/tools\in
dentfirst.sty"
Package: indentfirst 1995/11/23 v1.03 Indent first paragraph (DPC)
)
("C:\Users\Ankan Mukherjee\AppData\Local\Programs\MiKTeX 2.9\tex/latex/tools\xs
pace.sty"
Package: xspace 2014/10/28 v1.13 Space after command names (DPC,MH)
)
("C:\Users\Ankan Mukherjee\AppData\Local\Programs\MiKTeX 2.9\tex/latex/hyperref
\hyperref.sty"
Package: hyperref 2020/01/14 v7.00d Hypertext links for LaTeX

("C:\Users\Ankan Mukherjee\AppData\Local\Programs\MiKTeX 2.9\tex/generic/ltxcmd
s\ltxcmds.sty"
Package: ltxcmds 2019/12/15 v1.24 LaTeX kernel commands for general use (HO)
)
("C:\Users\Ankan Mukherjee\AppData\Local\Programs\MiKTeX 2.9\tex/generic/iftex\
iftex.sty"
Package: iftex 2020/03/06 v1.0d TeX engine tests
)
("C:\Users\Ankan Mukherjee\AppData\Local\Programs\MiKTeX 2.9\tex/latex/pdftexcm
ds\pdftexcmds.sty"
Package: pdftexcmds 2019/11/24 v0.31 Utility functions of pdfTeX for LuaTeX (HO
)

("C:\Users\Ankan Mukherjee\AppData\Local\Programs\MiKTeX 2.9\tex/generic/infwar
err\infwarerr.sty"
Package: infwarerr 2019/12/03 v1.5 Providing info/warning/error messages (HO)
)
Package pdftexcmds Info: \pdf@primitive is available.
Package pdftexcmds Info: \pdf@ifprimitive is available.
Package pdftexcmds Info: \pdfdraftmode found.
)
("C:\Users\Ankan Mukherjee\AppData\Local\Programs\MiKTeX 2.9\tex/generic/kvsetk
eys\kvsetkeys.sty"
Package: kvsetkeys 2019/12/15 v1.18 Key value parser (HO)
)
("C:\Users\Ankan Mukherjee\AppData\Local\Programs\MiKTeX 2.9\tex/generic/kvdefi
nekeys\kvdefinekeys.sty"
Package: kvdefinekeys 2019-12-19 v1.6 Define keys (HO)
)
("C:\Users\Ankan Mukherjee\AppData\Local\Programs\MiKTeX 2.9\tex/generic/pdfesc
ape\pdfescape.sty"
Package: pdfescape 2019/12/09 v1.15 Implements pdfTeX's escape features (HO)
)
("C:\Users\Ankan Mukherjee\AppData\Local\Programs\MiKTeX 2.9\tex/latex/hycolor\
hycolor.sty"
Package: hycolor 2020-01-27 v1.10 Color options for hyperref/bookmark (HO)
)
("C:\Users\Ankan Mukherjee\AppData\Local\Programs\MiKTeX 2.9\tex/latex/letltxma
cro\letltxmacro.sty"
Package: letltxmacro 2019/12/03 v1.6 Let assignment for LaTeX macros (HO)
)
("C:\Users\Ankan Mukherjee\AppData\Local\Programs\MiKTeX 2.9\tex/latex/auxhook\
auxhook.sty"
Package: auxhook 2019-12-17 v1.6 Hooks for auxiliary files (HO)
)
("C:\Users\Ankan Mukherjee\AppData\Local\Programs\MiKTeX 2.9\tex/latex/kvoption
s\kvoptions.sty"
Package: kvoptions 2019/11/29 v3.13 Key value format for package options (HO)
)
\@linkdim=\dimen145
\Hy@linkcounter=\count195
\Hy@pagecounter=\count196

("C:\Users\Ankan Mukherjee\AppData\Local\Programs\MiKTeX 2.9\tex/latex/hyperref
\pd1enc.def"
File: pd1enc.def 2020/01/14 v7.00d Hyperref: PDFDocEncoding definition (HO)
Now handling font encoding PD1 ...
... no UTF-8 mapping file for font encoding PD1
)
("C:\Users\Ankan Mukherjee\AppData\Local\Programs\MiKTeX 2.9\tex/generic/intcal
c\intcalc.sty"
Package: intcalc 2019/12/15 v1.3 Expandable calculations with integers (HO)
)
("C:\Users\Ankan Mukherjee\AppData\Local\Programs\MiKTeX 2.9\tex/generic/etexcm
ds\etexcmds.sty"
Package: etexcmds 2019/12/15 v1.7 Avoid name clashes with e-TeX commands (HO)
)
\Hy@SavedSpaceFactor=\count197
Package hyperref Info: Hyper figures OFF on input line 4547.
Package hyperref Info: Link nesting OFF on input line 4552.
Package hyperref Info: Hyper index ON on input line 4555.
Package hyperref Info: Plain pages OFF on input line 4562.
Package hyperref Info: Backreferencing OFF on input line 4567.
Package hyperref Info: Implicit mode ON; LaTeX internals redefined.
Package hyperref Info: Bookmarks ON on input line 4800.
LaTeX Info: Redefining \href on input line 5070.
\c@Hy@tempcnt=\count198
LaTeX Info: Redefining \url on input line 5159.
\XeTeXLinkMargin=\dimen146

("C:\Users\Ankan Mukherjee\AppData\Local\Programs\MiKTeX 2.9\tex/generic/bitset
\bitset.sty"
Package: bitset 2019/12/09 v1.3 Handle bit-vector datatype (HO)

("C:\Users\Ankan Mukherjee\AppData\Local\Programs\MiKTeX 2.9\tex/generic/bigint
calc\bigintcalc.sty"
Package: bigintcalc 2019/12/15 v1.5 Expandable calculations on big integers (HO
)
))
\Fld@menulength=\count199
\Field@Width=\dimen147
\Fld@charsize=\dimen148
Package hyperref Info: Hyper figures OFF on input line 6430.
Package hyperref Info: Link nesting OFF on input line 6435.
Package hyperref Info: Hyper index ON on input line 6438.
Package hyperref Info: backreferencing OFF on input line 6445.
Package hyperref Info: Link coloring OFF on input line 6450.
Package hyperref Info: Link coloring with OCG OFF on input line 6455.
Package hyperref Info: PDF/A mode OFF on input line 6460.
LaTeX Info: Redefining \ref on input line 6500.
LaTeX Info: Redefining \pageref on input line 6504.

("C:\Users\Ankan Mukherjee\AppData\Local\Programs\MiKTeX 2.9\tex/generic/atbegs
hi\atbegshi.sty"
Package: atbegshi 2019/12/05 v1.19 At begin shipout hook (HO)
)
\Hy@abspage=\count266
\c@Item=\count267
\c@Hfootnote=\count268
)
Package hyperref Info: Driver (autodetected): hpdftex.

("C:\Users\Ankan Mukherjee\AppData\Local\Programs\MiKTeX 2.9\tex/latex/hyperref
\hpdftex.def"
File: hpdftex.def 2020/01/14 v7.00d Hyperref driver for pdfTeX

("C:\Users\Ankan Mukherjee\AppData\Local\Programs\MiKTeX 2.9\tex/latex/atveryen
d\atveryend.sty"
Package: atveryend 2019-12-11 v1.11 Hooks at the very end of document (HO)
)
\Fld@listcount=\count269
\c@bookmark@seq@number=\count270

("C:\Users\Ankan Mukherjee\AppData\Local\Programs\MiKTeX 2.9\tex/latex/rerunfil
echeck\rerunfilecheck.sty"
Package: rerunfilecheck 2019/12/05 v1.9 Rerun checks for auxiliary files (HO)

("C:\Users\Ankan Mukherjee\AppData\Local\Programs\MiKTeX 2.9\tex/generic/unique
counter\uniquecounter.sty"
Package: uniquecounter 2019/12/15 v1.4 Provide unlimited unique counter (HO)
)
Package uniquecounter Info: New unique counter `rerunfilecheck' on input line 2
86.
)
\Hy@SectionHShift=\skip55
)
("C:\Users\Ankan Mukherjee\AppData\Local\Programs\MiKTeX 2.9\tex/latex/tools\ve
rbatim.sty"
Package: verbatim 2019/11/10 v1.5r LaTeX2e package for verbatim enhancements
\every@verbatim=\toks23
\verbatim@line=\toks24
\verbatim@in@stream=\read2
)
("C:\Users\Ankan Mukherjee\AppData\Local\Programs\MiKTeX 2.9\tex/latex/epstopdf
-pkg\epstopdf.sty"
Package: epstopdf 2020-01-24 v2.11 Conversion with epstopdf on the fly (HO)

("C:\Users\Ankan Mukherjee\AppData\Local\Programs\MiKTeX 2.9\tex/latex/grfext\g
rfext.sty"
Package: grfext 2019/12/03 v1.3 Manage graphics extensions (HO)
)
("C:\Users\Ankan Mukherjee\AppData\Local\Programs\MiKTeX 2.9\tex/latex/epstopdf
-pkg\epstopdf-base.sty"
Package: epstopdf-base 2020-01-24 v2.11 Base part for package epstopdf
Package epstopdf-base Info: Redefining graphics rule for `.eps' on input line 4
85.
Package grfext Info: Graphics extension search list:
(grfext)             [.pdf,.png,.jpg,.mps,.jpeg,.jbig2,.jb2,.PDF,.PNG,.JPG,.JPE
G,.JBIG2,.JB2,.eps]
(grfext)             \AppendGraphicsExtensions on input line 504.
))
("C:\Users\Ankan Mukherjee\AppData\Local\Programs\MiKTeX 2.9\tex/latex/placeins
\placeins.sty"
Package: placeins 2005/04/18  v 2.2
)
("C:\Users\Ankan Mukherjee\AppData\Local\Programs\MiKTeX 2.9\tex/latex/l3packag
es/xfrac\xfrac.sty"
("C:\Users\Ankan Mukherjee\AppData\Local\Programs\MiKTeX 2.9\tex/latex/l3kernel
\expl3.sty"
Package: expl3 2020-04-06 L3 programming layer (loader) 

("C:\Users\Ankan Mukherjee\AppData\Local\Programs\MiKTeX 2.9\tex/latex/l3backen
d\l3backend-pdfmode.def"
File: l3backend-pdfmode.def 2020-03-12 L3 backend support: PDF mode
\l__kernel_color_stack_int=\count271
\l__pdf_internal_box=\box62
))
("C:\Users\Ankan Mukherjee\AppData\Local\Programs\MiKTeX 2.9\tex/latex/l3packag
es/l3keys2e\l3keys2e.sty"
Package: l3keys2e 2020-03-06 LaTeX2e option processing using LaTeX3 keys
)
("C:\Users\Ankan Mukherjee\AppData\Local\Programs\MiKTeX 2.9\tex/latex/base\tex
tcomp.sty"
Package: textcomp 2020/02/02 v2.0n Standard LaTeX package
)
("C:\Users\Ankan Mukherjee\AppData\Local\Programs\MiKTeX 2.9\tex/latex/l3packag
es/xparse\xparse.sty"
Package: xparse 2020-03-06 L3 Experimental document command parser
\l__xparse_current_arg_int=\count272
\g__xparse_grabber_int=\count273
\l__xparse_m_args_int=\count274
\l__xparse_v_nesting_int=\count275
)
("C:\Users\Ankan Mukherjee\AppData\Local\Programs\MiKTeX 2.9\tex/latex/l3packag
es/xtemplate\xtemplate.sty"
Package: xtemplate 2020-03-06 L3 Experimental prototype document functions
\l__xtemplate_tmp_dim=\dimen149
\l__xtemplate_tmp_int=\count276
\l__xtemplate_tmp_muskip=\muskip18
\l__xtemplate_tmp_skip=\skip56
)
Package: xfrac 2020-03-06 L3 Experimental split-level fractions
\l__xfrac_slash_box=\box63
\l__xfrac_tmp_box=\box64
\l__xfrac_denominator_bot_sep_dim=\dimen150
\l__xfrac_numerator_bot_sep_dim=\dimen151
\l__xfrac_numerator_top_sep_dim=\dimen152
\l__xfrac_slash_left_sep_dim=\dimen153
\l__xfrac_slash_right_sep_dim=\dimen154
\l__xfrac_slash_left_muskip=\muskip19
\l__xfrac_slash_right_muskip=\muskip20

Package xtemplate Info: Declaring object type 'xfrac' taking 3 argument(s) on
(xtemplate)             line 80.

)
("C:\Users\Ankan Mukherjee\AppData\Local\Programs\MiKTeX 2.9\tex/latex/xcolor\x
color.sty"
Package: xcolor 2016/05/11 v2.12 LaTeX color extensions (UK)

("C:\Users\Ankan Mukherjee\AppData\Local\Programs\MiKTeX 2.9\tex/latex/graphics
-cfg\color.cfg"
File: color.cfg 2016/01/02 v1.6 sample color configuration
)
Package xcolor Info: Driver file: pdftex.def on input line 225.

("C:\Users\Ankan Mukherjee\AppData\Local\Programs\MiKTeX 2.9\tex/latex/colortbl
\colortbl.sty"
Package: colortbl 2020/01/04 v1.0e Color table columns (DPC)

("C:\Users\Ankan Mukherjee\AppData\Local\Programs\MiKTeX 2.9\tex/latex/tools\ar
ray.sty"
Package: array 2019/08/31 v2.4l Tabular extension package (FMi)
\col@sep=\dimen155
\ar@mcellbox=\box65
\extrarowheight=\dimen156
\NC@list=\toks25
\extratabsurround=\skip57
\backup@length=\skip58
\ar@cellbox=\box66
)
\everycr=\toks26
\minrowclearance=\skip59
)
LaTeX Info: Redefining \color on input line 709.
\rownum=\count277
Package xcolor Info: Model `cmy' substituted by `cmy0' on input line 1348.
Package xcolor Info: Model `hsb' substituted by `rgb' on input line 1352.
Package xcolor Info: Model `RGB' extended on input line 1364.
Package xcolor Info: Model `HTML' substituted by `rgb' on input line 1366.
Package xcolor Info: Model `Hsb' substituted by `hsb' on input line 1367.
Package xcolor Info: Model `tHsb' substituted by `hsb' on input line 1368.
Package xcolor Info: Model `HSB' substituted by `hsb' on input line 1369.
Package xcolor Info: Model `Gray' substituted by `gray' on input line 1370.
Package xcolor Info: Model `wave' substituted by `hsb' on input line 1371.
)
("C:\Users\Ankan Mukherjee\AppData\Local\Programs\MiKTeX 2.9\tex/latex/changepa
ge\changepage.sty"
Package: changepage 2009/10/20 v1.0c check page and change page layout
\c@cp@cntr=\count278
\cp@tempcnt=\count279
)
("C:\Users\Ankan Mukherjee\AppData\Local\Programs\MiKTeX 2.9\tex/latex/float\fl
oat.sty"
Package: float 2001/11/08 v1.3d Float enhancements (AL)
\c@float@type=\count280
\float@exts=\toks27
\float@box=\box67
\@float@everytoks=\toks28
\@floatcapt=\box68
)
("C:\Users\Ankan Mukherjee\AppData\Local\Programs\MiKTeX 2.9\tex/latex/enumitem
\enumitem.sty"
Package: enumitem 2019/06/20 v3.9 Customized lists
\labelindent=\skip60
\enit@outerparindent=\dimen157
\enit@toks=\toks29
\enit@inbox=\box69
\enit@count@id=\count281
\enitdp@description=\count282
)
("C:\Users\Ankan Mukherjee\AppData\Local\Programs\MiKTeX 2.9\tex/latex/listings
\listings.sty"
\lst@mode=\count283
\lst@gtempboxa=\box70
\lst@token=\toks30
\lst@length=\count284
\lst@currlwidth=\dimen158
\lst@column=\count285
\lst@pos=\count286
\lst@lostspace=\dimen159
\lst@width=\dimen160
\lst@newlines=\count287
\lst@lineno=\count288
\lst@maxwidth=\dimen161

("C:\Users\Ankan Mukherjee\AppData\Local\Programs\MiKTeX 2.9\tex/latex/listings
\lstmisc.sty"
File: lstmisc.sty 2020/03/24 1.8d (Carsten Heinz)
\c@lstnumber=\count289
\lst@skipnumbers=\count290
\lst@framebox=\box71
)
("C:\Users\Ankan Mukherjee\AppData\Local\Programs\MiKTeX 2.9\tex/latex/listings
\listings.cfg"
File: listings.cfg 2020/03/24 1.8d listings configuration
))
Package: listings 2020/03/24 1.8d (Carsten Heinz)

("C:\Users\Ankan Mukherjee\AppData\Local\Programs\MiKTeX 2.9\tex/latex/chngcntr
\chngcntr.sty"
Package: chngcntr 2018/04/09 v1.1a change counter resetting
Package chngcntr Info: \counterwithout already defined.
(chngcntr)             Quitting chngcntr on input line 21.
)
Class revtex4-2 Info: colortbl package is loaded. (Proceeding with fingers cros
sed.) on input line 62.


Class revtex4-2 Warning: Repair the float package.

Class revtex4-2 Info: cite was not loaded (OK!) on input line 62.
Class revtex4-2 Info: mcite was not loaded (OK!) on input line 62.
Class revtex4-2 Info: multicol was not loaded (OK!) on input line 62.
(main.aux)
\openout1 = `main.aux'.

LaTeX Font Info:    Checking defaults for OML/cmm/m/it on input line 62.
LaTeX Font Info:    ... okay on input line 62.
LaTeX Font Info:    Checking defaults for OMS/cmsy/m/n on input line 62.
LaTeX Font Info:    ... okay on input line 62.
LaTeX Font Info:    Checking defaults for OT1/cmr/m/n on input line 62.
LaTeX Font Info:    ... okay on input line 62.
LaTeX Font Info:    Checking defaults for T1/cmr/m/n on input line 62.
LaTeX Font Info:    ... okay on input line 62.
LaTeX Font Info:    Checking defaults for TS1/cmr/m/n on input line 62.
LaTeX Font Info:    ... okay on input line 62.
LaTeX Font Info:    Checking defaults for OMX/cmex/m/n on input line 62.
LaTeX Font Info:    ... okay on input line 62.
LaTeX Font Info:    Checking defaults for U/cmr/m/n on input line 62.
LaTeX Font Info:    ... okay on input line 62.
LaTeX Font Info:    Checking defaults for PD1/pdf/m/n on input line 62.
LaTeX Font Info:    ... okay on input line 62.

("C:\Users\Ankan Mukherjee\AppData\Local\Programs\MiKTeX 2.9\tex/context/base/m
kii\supp-pdf.mkii"
[Loading MPS to PDF converter (version 2006.09.02).]
\scratchcounter=\count291
\scratchdimen=\dimen162
\scratchbox=\box72
\nofMPsegments=\count292
\nofMParguments=\count293
\everyMPshowfont=\toks31
\MPscratchCnt=\count294
\MPscratchDim=\dimen163
\MPnumerator=\count295
\makeMPintoPDFobject=\count296
\everyMPtoPDFconversion=\toks32
)
\AtBeginShipoutBox=\box73
Package hyperref Info: Link coloring OFF on input line 62.

("C:\Users\Ankan Mukherjee\AppData\Local\Programs\MiKTeX 2.9\tex/latex/hyperref
\nameref.sty"
Package: nameref 2019/09/16 v2.46 Cross-referencing by name of section

("C:\Users\Ankan Mukherjee\AppData\Local\Programs\MiKTeX 2.9\tex/latex/refcount
\refcount.sty"
Package: refcount 2019/12/15 v3.6 Data extraction from label references (HO)
)
("C:\Users\Ankan Mukherjee\AppData\Local\Programs\MiKTeX 2.9\tex/generic/gettit
lestring\gettitlestring.sty"
Package: gettitlestring 2019/12/15 v1.6 Cleanup title references (HO)
)
\c@section@level=\count297
)
LaTeX Info: Redefining \ref on input line 62.
LaTeX Info: Redefining \pageref on input line 62.
LaTeX Info: Redefining \nameref on input line 62.
 (main.out) (main.out)
\@outlinefile=\write5
\openout5 = `main.out'.

\c@lstlisting=\count298
Class revtex4-2 Info: Taking \maketitle back from hyperref on input line 62.
\openout3 = `mainNotes.bib'.

 (main.toc
LaTeX Font Info:    Trying to load font information for U+msa on input line 26.


("C:\Users\Ankan Mukherjee\AppData\Local\Programs\MiKTeX 2.9\tex/latex/amsfonts
\umsa.fd"
File: umsa.fd 2013/01/14 v3.01 AMS symbols A
)
LaTeX Font Info:    Trying to load font information for U+msb on input line 26.


("C:\Users\Ankan Mukherjee\AppData\Local\Programs\MiKTeX 2.9\tex/latex/amsfonts
\umsb.fd"
File: umsb.fd 2013/01/14 v3.01 AMS symbols B
) [1{C:/Users/Ankan Mukherjee/AppData/Local/MiKTeX/2.9/pdftex/config/pdftex.map
}])
\tf@toc=\write6
\openout6 = `main.toc'.

 [2] (abstract.tex) (intro.tex [3])
Underfull \hbox (badness 10000) in paragraph at lines 11--74

 []

(blockchain.tex [4]
Underfull \hbox (badness 10000) in paragraph at lines 2--5

 []

<./Images/fig1.png, id=328, 425.59pt x 532.99126pt>
File: ./Images/fig1.png Graphic file (type png)
<use ./Images/fig1.png>
Package pdftex.def Info: ./Images/fig1.png  used on input line 9.
(pdftex.def)             Requested size: 128.70071pt x 161.17546pt.

Overfull \hbox (11.70071pt too wide) in paragraph at lines 9--10
 [][] 
 []

<./Images/fig2.png, id=330, 433.1382pt x 170.5572pt>
File: ./Images/fig2.png Graphic file (type png)
<use ./Images/fig2.png>
Package pdftex.def Info: ./Images/fig2.png  used on input line 15.
(pdftex.def)             Requested size: 334.61871pt x 131.76666pt.

Overfull \hbox (30.42157pt too wide) in paragraph at lines 15--16
 [][] 
 []

[5]) (classical.tex [6pdfTeX warning (ext4): destination with the same identifi
er (name{figure.2.1}) has been already used, duplicate ignored

\AtBegShi@Output ...ipout \box \AtBeginShipoutBox 
                                                  \fi \fi 
l.1 \section
            {Classical Algorithms}pdfTeX warning (ext4): destination with the s
ame identifier (name{figure.2.2}) has been already used, duplicate ignored

\AtBegShi@Output ...ipout \box \AtBeginShipoutBox 
                                                  \fi \fi 
l.1 \section
            {Classical Algorithms} <./Images/fig1.png> <./Images/fig2.png>]
[7] [8] [9] [10]
<./Images/fig3.png, id=471, 504.6855pt x 130.086pt>
File: ./Images/fig3.png Graphic file (type png)
<use ./Images/fig3.png>
Package pdftex.def Info: ./Images/fig3.png  used on input line 121.
(pdftex.def)             Requested size: 468.0pt x 120.63531pt.
) [11] (qcbasics.tex [12pdfTeX warning (ext4): destination with the same identi
fier (name{figure.3.1}) has been already used, duplicate ignored

\AtBegShi@Output ...ipout \box \AtBeginShipoutBox 
                                                  \fi \fi 
l.1 \section
            {Quantum Computing Foundations} <./Images/fig3.png>] [13]
Underfull \hbox (badness 10000) in paragraph at lines 38--40

 []

[14] [15]
<./Images/fig04.01.png, id=513, 115.43124pt x 78.2925pt>
File: ./Images/fig04.01.png Graphic file (type png)
<use ./Images/fig04.01.png>
Package pdftex.def Info: ./Images/fig04.01.png  used on input line 151.
(pdftex.def)             Requested size: 115.43095pt x 78.2923pt.
<./Images/fig04.02.png, id=516, 115.43124pt x 78.2925pt>
File: ./Images/fig04.02.png Graphic file (type png)
<use ./Images/fig04.02.png>
Package pdftex.def Info: ./Images/fig04.02.png  used on input line 187.
(pdftex.def)             Requested size: 115.43095pt x 78.2923pt.
 [16pdfTeX warning (ext4): destination with the same identifier (name{figure.4.
1}) has been already used, duplicate ignored

\AtBegShi@Output ...ipout \box \AtBeginShipoutBox 
                                                  \fi \fi 
l.208 \end{equation*}
                      <./Images/fig04.01.png>]
<./Images/fig04.03.png, id=525, 115.43124pt x 78.2925pt>
File: ./Images/fig04.03.png Graphic file (type png)
<use ./Images/fig04.03.png>
Package pdftex.def Info: ./Images/fig04.03.png  used on input line 221.
(pdftex.def)             Requested size: 115.43095pt x 78.2923pt.
 [17pdfTeX warning (ext4): destination with the same identifier (name{figure.4.
2}) has been already used, duplicate ignored

\AtBegShi@Output ...ipout \box \AtBeginShipoutBox 
                                                  \fi \fi 
l.242 \end{equation*}
                     pdfTeX warning (ext4): destination with the same identifie
r (name{figure.4.3}) has been already used, duplicate ignored

\AtBegShi@Output ...ipout \box \AtBeginShipoutBox 
                                                  \fi \fi 
l.242 \end{equation*}
                      <./Images/fig04.02.png> <./Images/fig04.03.png>]
<./Images/fig04.04.png, id=534, 115.43124pt x 78.2925pt>
File: ./Images/fig04.04.png Graphic file (type png)
<use ./Images/fig04.04.png>
Package pdftex.def Info: ./Images/fig04.04.png  used on input line 255.
(pdftex.def)             Requested size: 115.43095pt x 78.2923pt.


Package hyperref Warning: Token not allowed in a PDF string (PDFDocEncoding):
(hyperref)                removing `math shift' on input line 261.


Package hyperref Warning: Token not allowed in a PDF string (PDFDocEncoding):
(hyperref)                removing `subscript' on input line 261.


Package hyperref Warning: Token not allowed in a PDF string (PDFDocEncoding):
(hyperref)                removing `math shift' on input line 261.


Package hyperref Warning: Token not allowed in a PDF string (PDFDocEncoding):
(hyperref)                removing `math shift' on input line 271.


Package hyperref Warning: Token not allowed in a PDF string (PDFDocEncoding):
(hyperref)                removing `subscript' on input line 271.


Package hyperref Warning: Token not allowed in a PDF string (PDFDocEncoding):
(hyperref)                removing `math shift' on input line 271.


Package hyperref Warning: Token not allowed in a PDF string (PDFDocEncoding):
(hyperref)                removing `math shift' on input line 281.


Package hyperref Warning: Token not allowed in a PDF string (PDFDocEncoding):
(hyperref)                removing `subscript' on input line 281.


Package hyperref Warning: Token not allowed in a PDF string (PDFDocEncoding):
(hyperref)                removing `math shift' on input line 281.

[18pdfTeX warning (ext4): destination with the same identifier (name{figure.4.4
}) has been already used, duplicate ignored

\AtBegShi@Output ...ipout \box \AtBeginShipoutBox 
                                                  \fi \fi 
l.289 \end{equation*}
                      <./Images/fig04.04.png>] [19]
<./Images/fig04.05.png, id=550, 125.46875pt x 123.46124pt>
File: ./Images/fig04.05.png Graphic file (type png)
<use ./Images/fig04.05.png>
Package pdftex.def Info: ./Images/fig04.05.png  used on input line 339.
(pdftex.def)             Requested size: 125.46843pt x 123.46092pt.
 [20pdfTeX warning (ext4): destination with the same identifier (name{figure.4.
5}) has been already used, duplicate ignored

\AtBegShi@Output ...ipout \box \AtBeginShipoutBox 
                                                  \fi \fi 
l.382 \end{equation*}
                      <./Images/fig04.05.png>]
<./Images/fig04.06.png, id=558, 125.46875pt x 123.46124pt>
File: ./Images/fig04.06.png Graphic file (type png)
<use ./Images/fig04.06.png>
Package pdftex.def Info: ./Images/fig04.06.png  used on input line 397.
(pdftex.def)             Requested size: 125.46843pt x 123.46092pt.
 [21pdfTeX warning (ext4): destination with the same identifier (name{figure.4.
6}) has been already used, duplicate ignored

\AtBegShi@Output ...ipout \box \AtBeginShipoutBox 
                                                  \fi \fi 
l.422 \end{equation*}
                      <./Images/fig04.06.png>]
<./Images/fig04.07.png, id=566, 125.46875pt x 123.46124pt>
File: ./Images/fig04.07.png Graphic file (type png)
<use ./Images/fig04.07.png>
Package pdftex.def Info: ./Images/fig04.07.png  used on input line 455.
(pdftex.def)             Requested size: 125.46843pt x 123.46092pt.
 [22]
<./Images/fig04.08.png, id=573, 125.46875pt x 214.8025pt>
File: ./Images/fig04.08.png Graphic file (type png)
<use ./Images/fig04.08.png>
Package pdftex.def Info: ./Images/fig04.08.png  used on input line 478.
(pdftex.def)             Requested size: 125.46843pt x 214.80197pt.
 [23pdfTeX warning (ext4): destination with the same identifier (name{figure.4.
7}) has been already used, duplicate ignored

\AtBegShi@Output ...ipout \box \AtBeginShipoutBox 
                                                  \fi \fi 
l.491 \end{equation*}
                      <./Images/fig04.07.png>]) (grover.tex [24pdfTeX warning (
ext4): destination with the same identifier (name{figure.4.8}) has been already
 used, duplicate ignored

\AtBegShi@Output ...ipout \box \AtBeginShipoutBox 
                                                  \fi \fi 
l.1 \section
            {Grover's Algorithm} <./Images/fig04.08.png>] [25] [26]
<./Images/fig05.01.png, id=606, 125.46875pt x 123.46124pt>
File: ./Images/fig05.01.png Graphic file (type png)
<use ./Images/fig05.01.png>
Package pdftex.def Info: ./Images/fig05.01.png  used on input line 66.
(pdftex.def)             Requested size: 125.46843pt x 123.46092pt.
<./Images/fig05.02.png, id=608, 213.79875pt x 100.375pt>
File: ./Images/fig05.02.png Graphic file (type png)
<use ./Images/fig05.02.png>
Package pdftex.def Info: ./Images/fig05.02.png  used on input line 97.
(pdftex.def)             Requested size: 213.79822pt x 100.37474pt.
<./Images/fig05.03.png, id=611, 489.83pt x 397.485pt>
File: ./Images/fig05.03.png Graphic file (type png)
<use ./Images/fig05.03.png>
Package pdftex.def Info: ./Images/fig05.03.png  used on input line 108.
(pdftex.def)             Requested size: 342.87866pt x 278.2376pt.
 [27pdfTeX warning (ext4): destination with the same identifier (name{figure.5.
1}) has been already used, duplicate ignored

\AtBegShi@Output ...ipout \box \AtBeginShipoutBox 
                                                  \fi \fi 
l.113 
       <./Images/fig05.01.png>] [28pdfTeX warning (ext4): destination with the 
same identifier (name{figure.5.2}) has been already used, duplicate ignored

\AtBegShi@Output ...ipout \box \AtBeginShipoutBox 
                                                  \fi \fi 
l.116 \begin{equation}
                      pdfTeX warning (ext4): destination with the same identifi
er (name{figure.5.3}) has been already used, duplicate ignored

\AtBegShi@Output ...ipout \box \AtBeginShipoutBox 
                                                  \fi \fi 
l.116 \begin{equation}
                       <./Images/fig05.02.png> <./Images/fig05.03.png>])
[29] (work.tex [30]
<./Images/fig06.01.png, id=645, 775.09575pt x 202.95825pt>
File: ./Images/fig06.01.png Graphic file (type png)
<use ./Images/fig06.01.png>
Package pdftex.def Info: ./Images/fig06.01.png  used on input line 9.
(pdftex.def)             Requested size: 468.0pt x 122.54391pt.
<./Images/fig06.02.png, id=646, 775.09575pt x 202.356pt>
File: ./Images/fig06.02.png Graphic file (type png)
<use ./Images/fig06.02.png>
Package pdftex.def Info: ./Images/fig06.02.png  used on input line 15.
(pdftex.def)             Requested size: 468.0pt x 122.18028pt.
 [31pdfTeX warning (ext4): destination with the same identifier (name{figure.6.
1}) has been already used, duplicate ignored

\AtBegShi@Output ...ipout \box \AtBeginShipoutBox 
                                                  \fi \fi 
l.24     x 
           = ((x >> 1)|(bit<<7))%256;pdfTeX warning (ext4): destination with th
e same identifier (name{figure.6.2}) has been already used, duplicate ignored

\AtBegShi@Output ...ipout \box \AtBeginShipoutBox 
                                                  \fi \fi 
l.24     x 
           = ((x >> 1)|(bit<<7))%256; <./Images/fig06.01.png> <./Images/fig06.0
2.png>] [32]
<./Images/fig06.03.png, id=683, 536.0025pt x 397.485pt>
File: ./Images/fig06.03.png Graphic file (type png)
<use ./Images/fig06.03.png>
Package pdftex.def Info: ./Images/fig06.03.png  used on input line 56.
(pdftex.def)             Requested size: 421.19714pt x 312.34785pt.
<./Images/fig06.04.png, id=684, 536.0025pt x 397.485pt>
File: ./Images/fig06.04.png Graphic file (type png)
<use ./Images/fig06.04.png>
Package pdftex.def Info: ./Images/fig06.04.png  used on input line 62.
(pdftex.def)             Requested size: 421.19714pt x 312.34785pt.


LaTeX Warning: Float too large for page by 8.19571pt on input line 66.

<./Images/fig06.05.png, id=687, 536.0025pt x 397.485pt>
File: ./Images/fig06.05.png Graphic file (type png)
<use ./Images/fig06.05.png>
Package pdftex.def Info: ./Images/fig06.05.png  used on input line 72.
(pdftex.def)             Requested size: 421.19714pt x 312.34785pt.
<./Images/fig06.06.png, id=688, 536.0025pt x 397.485pt>
File: ./Images/fig06.06.png Graphic file (type png)
<use ./Images/fig06.06.png>
Package pdftex.def Info: ./Images/fig06.06.png  used on input line 78.
(pdftex.def)             Requested size: 421.19714pt x 312.34785pt.

LaTeX Warning: Float too large for page by 8.19571pt on input line 82.

<./Images/fig06.07.png, id=690, 672.5125pt x 761.84625pt>
File: ./Images/fig06.07.png Graphic file (type png)
<use ./Images/fig06.07.png>
Package pdftex.def Info: ./Images/fig06.07.png  used on input line 97.
(pdftex.def)             Requested size: 374.40143pt x 424.13165pt.
<./Images/fig06.08.png, id=692, 1326.9575pt x 808.01875pt>
File: ./Images/fig06.08.png Graphic file (type png)
<use ./Images/fig06.08.png>
Package pdftex.def Info: ./Images/fig06.08.png  used on input line 108.
(pdftex.def)             Requested size: 468.0pt x 284.98076pt.
[33]

LaTeX Warning: A float is stuck (cannot be placed) on input line 113.

[34pdfTeX warning (ext4): destination with the same identifier (name{figure.6.3
}) has been already used, duplicate ignored

\AtBegShi@Output ...ipout \box \AtBeginShipoutBox 
                                                  \fi \fi 
l.113 
      pdfTeX warning (ext4): destination with the same identifier (name{figure.
6.4}) has been already used, duplicate ignored

\AtBegShi@Output ...ipout \box \AtBeginShipoutBox 
                                                  \fi \fi 
l.113 
       <./Images/fig06.03.png> <./Images/fig06.04.png>]

LaTeX Warning: A float is stuck (cannot be placed) on input line 113.

[35pdfTeX warning (ext4): destination with the same identifier (name{figure.6.5
}) has been already used, duplicate ignored

\AtBegShi@Output ...ipout \box \AtBeginShipoutBox 
                                                  \fi \fi 
l.113 
      pdfTeX warning (ext4): destination with the same identifier (name{figure.
6.6}) has been already used, duplicate ignored

\AtBegShi@Output ...ipout \box \AtBeginShipoutBox 
                                                  \fi \fi 
l.113 
       <./Images/fig06.05.png> <./Images/fig06.06.png>] [36pdfTeX warning (ext4
): destination with the same identifier (name{figure.6.7}) has been already use
d, duplicate ignored

\AtBegShi@Output ...ipout \box \AtBeginShipoutBox 
                                                  \fi \fi 
l.118 \begin{equation}
                       <./Images/fig06.07.png>]
<./Images/fig06.09.png, id=728, 5674.70062pt x 1042.64531pt>
File: ./Images/fig06.09.png Graphic file (type png)
<use ./Images/fig06.09.png>
Package pdftex.def Info: ./Images/fig06.09.png  used on input line 126.
(pdftex.def)             Requested size: 468.0pt x 85.97475pt.
<./Images/fig06.10.png, id=730, 398.48875pt x 397.485pt>
File: ./Images/fig06.10.png Graphic file (type png)
<use ./Images/fig06.10.png>
Package pdftex.def Info: ./Images/fig06.10.png  used on input line 137.
(pdftex.def)             Requested size: 239.0951pt x 238.49283pt.
 [37pdfTeX warning (ext4): destination with the same identifier (name{figure.6.
8}) has been already used, duplicate ignored

\AtBegShi@Output ...ipout \box \AtBeginShipoutBox 
                                                  \fi \fi 
l.143 
      pdfTeX warning (ext4): destination with the same identifier (name{figure.
6.9}) has been already used, duplicate ignored

\AtBegShi@Output ...ipout \box \AtBeginShipoutBox 
                                                  \fi \fi 
l.143 
       <./Images/fig06.08.png> <./Images/fig06.09.png>]) (results.tex [38pdfTeX
 warning (ext4): destination with the same identifier (name{figure.6.10}) has b
een already used, duplicate ignored

\AtBegShi@Output ...ipout \box \AtBeginShipoutBox 
                                                  \fi \fi 
l.1 \section
            {Results} <./Images/fig06.10.png>]

Package hyperref Warning: Difference (2) between bookmark levels is greater 
(hyperref)                than one, level fixed on input line 4.


Underfull \hbox (badness 10000) in paragraph at lines 5--6

 []


Underfull \hbox (badness 10000) in paragraph at lines 7--10

 []


Underfull \hbox (badness 10000) in paragraph at lines 11--15

 []


Underfull \hbox (badness 10000) in paragraph at lines 16--20

 []


Underfull \hbox (badness 10000) in paragraph at lines 21--28

 []

[39]
Overfull \hbox (39.72995pt too wide) in paragraph at lines 33--51
 []$[]$ 
 []

<./Images/fig07.01.png, id=752, 462.72874pt x 365.365pt>
File: ./Images/fig07.01.png Graphic file (type png)
<use ./Images/fig07.01.png>
Package pdftex.def Info: ./Images/fig07.01.png  used on input line 65.
(pdftex.def)             Requested size: 370.1835pt x 292.29239pt.

Underfull \hbox (badness 10000) in paragraph at lines 58--71

 []


Overfull \hbox (15.0pt too wide) in paragraph at lines 72--84
[]$[]$ 
 []


Underfull \hbox (badness 10000) in paragraph at lines 85--86

 []


Overfull \hbox (15.0pt too wide) in paragraph at lines 87--99
[]$[]$ 
 []

[40pdfTeX warning (ext4): destination with the same identifier (name{table.1}) 
has been already used, duplicate ignored

\AtBegShi@Output ...ipout \box \AtBeginShipoutBox 
                                                  \fi \fi 
l.100 T
       hus, we conclude that our algorithm works successfully.]) (future.tex
[41pdfTeX warning (ext4): destination with the same identifier (name{figure.7.1
}) has been already used, duplicate ignored

\AtBegShi@Output ...ipout \box \AtBeginShipoutBox 
                                                  \fi \fi 
l.1 \section
            {Future Work to be Done} <./Images/fig07.01.png>]) (main.bbl
[42]
Underfull \hbox (badness 1194) in paragraph at lines 17--20
[]\OT1/cmr/m/n/10 ``Blockchain tech-nol-ogy ba-sics.'' []$\OT1/cmtt/m/n/10 http
s : / / www . spheregen . com / blockchain-[]technology-[]basics/$[]\OT1/cmr/m/
n/10 .
 []

) ("appendix a.tex" [43]
Overfull \hbox (45.62314pt too wide) in paragraph at lines 17--19
\OMS/cmsy/m/n/10.95 
 \OT1/cmr/m/n/10.95 = []\OML/cmm/m/it/10.95 p[]Q\OT1/cmr/m/n/10.95 (\OML/cmm/m/
it/10.95 x\OT1/cmr/m/n/10.95 )[]\OML/cmm/m/it/10.95 k$\OT1/cmr/m/n/10.95 .
 []

) ("appendix b.tex" [44]
<./Images/figAb.01.png, id=819, 237.88875pt x 252.945pt>
File: ./Images/figAb.01.png Graphic file (type png)
<use ./Images/figAb.01.png>
Package pdftex.def Info: ./Images/figAb.01.png  used on input line 9.
(pdftex.def)             Requested size: 190.31123pt x 202.35626pt.
 [45pdfTeX warning (ext4): destination with the same identifier (name{figure.8.
1}) has been already used, duplicate ignored

\AtBegShi@Output ...ipout \box \AtBeginShipoutBox 
                                                  \fi \fi 
l.56 \end{equation}
                    <./Images/figAb.01.png>]) ("appendix c.tex" [46] [47]
[48]
Overfull \hbox (24.71988pt too wide) detected at line 77
[][]\OT1/cmr/m/n/10.95 ([]\OML/cmm/m/it/10.95 ; []\OT1/cmr/m/n/10.95 ) \OMS/cms
y/m/n/10.95   []\OT1/cmr/m/n/10.95 ([]\OML/cmm/m/it/10.95 ; []\OT1/cmr/m/n/10.9
5 ) = [] []\OML/cmm/m/it/10.95 \OT1/cmr/m/n/10.95 (\OML/cmm/m/it/10.95 \OT1/c
mr/m/n/10.95 )[]([]\OML/cmm/m/it/10.95 ; \OT1/cmr/m/n/10.95 )[]([]\OML/cmm/m/i
t/10.95 ; \OT1/cmr/m/n/10.95 )[[]([]\OML/cmm/m/it/10.95 ; \OT1/cmr/m/n/10.95 
)[]([]\OML/cmm/m/it/10.95 ; \OT1/cmr/m/n/10.95 ) + 1] \OMS/cmsy/m/n/10.95   []
 []\OML/cmm/m/it/10.95 \OT1/cmr/m/n/10.95 (\OML/cmm/m/it/10.95 \OT1/cmr/m/n/1
0.95 )[]([]\OML/cmm/m/it/10.95 ; \OT1/cmr/m/n/10.95 )[]([]\OML/cmm/m/it/10.95 
; \OT1/cmr/m/n/10.95 )[[]([]\OML/cmm/m/it/10.95 ; \OT1/cmr/m/n/10.95 )[]([]\O
ML/cmm/m/it/10.95 ; \OT1/cmr/m/n/10.95 ) + 1]
 []

[49]
Overfull \hbox (41.8958pt too wide) detected at line 98
[][]\OT1/cmr/m/n/10.95 ([]\OML/cmm/m/it/10.95 ; []\OT1/cmr/m/n/10.95 ) \OMS/cms
y/m/n/10.95   []\OT1/cmr/m/n/10.95 ([]\OML/cmm/m/it/10.95 ; []\OT1/cmr/m/n/10.9
5 ) = [] []\OML/cmm/m/it/10.95 \OT1/cmr/m/n/10.95 (\OML/cmm/m/it/10.95 \OT1/c
mr/m/n/10.95 )[]([]\OML/cmm/m/it/10.95 ; \OT1/cmr/m/n/10.95 )[]([]\OML/cmm/m/i
t/10.95 ; \OT1/cmr/m/n/10.95 )[1 \OMS/cmsy/m/n/10.95  []\OT1/cmr/m/n/10.95 ([
]\OML/cmm/m/it/10.95 ; \OT1/cmr/m/n/10.95 )[]([]\OML/cmm/m/it/10.95 ; \OT1/cm
r/m/n/10.95 )] \OMS/cmsy/m/n/10.95   [] []\OML/cmm/m/it/10.95 \OT1/cmr/m/n/10.
95 (\OML/cmm/m/it/10.95 \OT1/cmr/m/n/10.95 )[]([]\OML/cmm/m/it/10.95 ; \OT1/c
mr/m/n/10.95 )[]([]\OML/cmm/m/it/10.95 ; \OT1/cmr/m/n/10.95 )[1 \OMS/cmsy/m/n/
10.95  []\OT1/cmr/m/n/10.95 ([]\OML/cmm/m/it/10.95 ; \OT1/cmr/m/n/10.95 )[]([
]\OML/cmm/m/it/10.95 ; \OT1/cmr/m/n/10.95 )]
 []

[50]) [51]
Package atveryend Info: Empty hook `AfterLastShipout' on input line 96.
 (main.aux)
Package atveryend Info: Executing hook `AtVeryEndDocument' on input line 96.
Package atveryend Info: Executing hook `AtEndAfterFileList' on input line 96.
Package rerunfilecheck Info: File `main.out' has not changed.
(rerunfilecheck)             Checksum: B480F25B837D1179E6443118929E862E;3857.
 ) 
Here is how much of TeX's memory you used:
 12456 strings out of 480930
 194759 string characters out of 2895070
 763355 words of memory out of 3000000
 27693 multiletter control sequences out of 15000+200000
 543881 words of font info for 69 fonts, out of 3000000 for 9000
 1141 hyphenation exceptions out of 8191
 36i,23n,45p,1401b,1810s stack positions out of 5000i,500n,10000p,200000b,50000s
 <C:\Users\Ankan Mukherjee\AppData\Local\MiKTeX\2.9\fonts/pk/ljfour/jknappen/
ec/dpi600\tcrm1095.pk><C:/Users/Ankan Mukherjee/AppData/Local/Programs/MiKTeX 2
.9/fonts/type1/public/amsfonts/cm/cmbx10.pfb><C:/Users/Ankan Mukherjee/AppData/
Local/Programs/MiKTeX 2.9/fonts/type1/public/amsfonts/cm/cmbx12.pfb><C:/Users/A
nkan Mukherjee/AppData/Local/Programs/MiKTeX 2.9/fonts/type1/public/amsfonts/cm
/cmbx8.pfb><C:/Users/Ankan Mukherjee/AppData/Local/Programs/MiKTeX 2.9/fonts/ty
pe1/public/amsfonts/cm/cmex10.pfb><C:/Users/Ankan Mukherjee/AppData/Local/Progr
ams/MiKTeX 2.9/fonts/type1/public/amsfonts/cm/cmmi10.pfb><C:/Users/Ankan Mukher
jee/AppData/Local/Programs/MiKTeX 2.9/fonts/type1/public/amsfonts/cm/cmmi6.pfb>
<C:/Users/Ankan Mukherjee/AppData/Local/Programs/MiKTeX 2.9/fonts/type1/public/
amsfonts/cm/cmmi7.pfb><C:/Users/Ankan Mukherjee/AppData/Local/Programs/MiKTeX 2
.9/fonts/type1/public/amsfonts/cm/cmmi8.pfb><C:/Users/Ankan Mukherjee/AppData/L
ocal/Programs/MiKTeX 2.9/fonts/type1/public/amsfonts/cm/cmr10.pfb><C:/Users/Ank
an Mukherjee/AppData/Local/Programs/MiKTeX 2.9/fonts/type1/public/amsfonts/cm/c
mr6.pfb><C:/Users/Ankan Mukherjee/AppData/Local/Programs/MiKTeX 2.9/fonts/type1
/public/amsfonts/cm/cmr8.pfb><C:/Users/Ankan Mukherjee/AppData/Local/Programs/M
iKTeX 2.9/fonts/type1/public/amsfonts/cm/cmsy10.pfb><C:/Users/Ankan Mukherjee/A
ppData/Local/Programs/MiKTeX 2.9/fonts/type1/public/amsfonts/cm/cmsy8.pfb><C:/U
sers/Ankan Mukherjee/AppData/Local/Programs/MiKTeX 2.9/fonts/type1/public/amsfo
nts/cm/cmti10.pfb><C:/Users/Ankan Mukherjee/AppData/Local/Programs/MiKTeX 2.9/f
onts/type1/public/amsfonts/cm/cmtt10.pfb><C:/Users/Ankan Mukherjee/AppData/Loca
l/Programs/MiKTeX 2.9/fonts/type1/public/amsfonts/cm/cmtt9.pfb><C:/Users/Ankan 
Mukherjee/AppData/Local/Programs/MiKTeX 2.9/fonts/type1/public/amsfonts/symbols
/msbm10.pfb>
Output written on main.pdf (51 pages, 1087968 bytes).
PDF statistics:
 1031 PDF objects out of 1200 (max. 8388607)
 350 named destinations out of 1000 (max. 500000)
 603 words of extra memory for PDF output out of 10000 (max. 10000000)

